<?xml version="1.0" encoding="UTF-8"?>
<testng-results ignored="0" total="1" passed="1" failed="0" skipped="0">
  <reporter-output>
  </reporter-output>
  <suite started-at="2023-05-06T17:19:40 IST" name="Default suite" finished-at="2023-05-06T17:19:55 IST" duration-ms="14621">
    <groups>
      <group name="cucumber">
        <method signature="AbstractTestNGCucumberTests.runScenario(io.cucumber.testng.PickleWrapper,io.cucumber.testng.FeatureWrapper)[pri:0, instance:Execution.RunAmazonTest@2034b64c]" name="runScenario" class="io.cucumber.testng.AbstractTestNGCucumberTests"/>
      </group> <!-- cucumber -->
    </groups>
    <test started-at="2023-05-06T17:19:40 IST" name="Default test" finished-at="2023-05-06T17:19:55 IST" duration-ms="14621">
      <class name="Execution.RunAmazonTest">
        <test-method is-config="true" signature="setUpClass()[pri:0, instance:Execution.RunAmazonTest@2034b64c]" started-at="2023-05-06T17:19:40 IST" name="setUpClass" finished-at="2023-05-06T17:19:41 IST" duration-ms="512" status="PASS">
          <reporter-output>
          </reporter-output>
        </test-method> <!-- setUpClass -->
        <test-method signature="runScenario(io.cucumber.testng.PickleWrapper,io.cucumber.testng.FeatureWrapper)[pri:0, instance:Execution.RunAmazonTest@2034b64c]" started-at="2023-05-06T17:19:41 IST" name="runScenario" description="Runs Cucumber Scenarios" data-provider="scenarios" finished-at="2023-05-06T17:19:53 IST" duration-ms="12180" status="PASS">
          <params>
            <param index="0">
              <value>
                <![CDATA["verify cart icon"]]>
              </value>
            </param>
            <param index="1">
              <value>
                <![CDATA["Optional[Login]"]]>
              </value>
            </param>
          </params>
          <reporter-output>
          </reporter-output>
        </test-method> <!-- runScenario -->
        <test-method is-config="true" signature="tearDownClass()[pri:0, instance:Execution.RunAmazonTest@2034b64c]" started-at="2023-05-06T17:19:53 IST" name="tearDownClass" finished-at="2023-05-06T17:19:55 IST" duration-ms="1880" status="PASS">
          <reporter-output>
          </reporter-output>
        </test-method> <!-- tearDownClass -->
      </class> <!-- Execution.RunAmazonTest -->
    </test> <!-- Default test -->
  </suite> <!-- Default suite -->
</testng-results>
